<?xml version="1.0" encoding="UTF-8"?>
<!-- Generated by org.testng.reporters.JUnitReportReporter -->
<testsuite hostname="NEW-GEN-COMPUTER" failures="0" tests="1" name="assignment.Selenium" time="13.309" errors="0" timestamp="2022-11-04T17:13:06 IST" skipped="0">
  <testcase classname="assignment.Selenium" name="InvalidOrderStatus" time="13.309"/>
  <system-out/>
</testsuite> <!-- assignment.Selenium -->
